<?xml version="1.0" encoding="UTF-8" ?>
<testsuite tests="29" failures="0" name="com.sg.superherosightings.dao.DaoTest" time="9.685" errors="0" skipped="0">
  <properties>
[...]
</properties>
  <testcase classname="com.sg.superherosightings.dao.DaoTest" name="testDeletePower" time="1.374"/>
  <testcase classname="com.sg.superherosightings.dao.DaoTest" name="testDeleteLocation" time="0.188"/>
  <testcase classname="com.sg.superherosightings.dao.DaoTest" name="testAddSighting" time="0.332"/>
  <testcase classname="com.sg.superherosightings.dao.DaoTest" name="testUpdateOrg" time="0.554"/>
  <testcase classname="com.sg.superherosightings.dao.DaoTest" name="testUpdatePower" time="0.306"/>
  <testcase classname="com.sg.superherosightings.dao.DaoTest" name="testGetMutantsByOrgId" time="0.226"/>
  <testcase classname="com.sg.superherosightings.dao.DaoTest" name="testGetOrgById" time="0.6"/>
  <testcase classname="com.sg.superherosightings.dao.DaoTest" name="testGetAllSightings" time="0.367"/>
  <testcase classname="com.sg.superherosightings.dao.DaoTest" name="testGetAllOrgs" time="0.391"/>
  <testcase classname="com.sg.superherosightings.dao.DaoTest" name="testAddPower" time="0.116"/>
  <testcase classname="com.sg.superherosightings.dao.DaoTest" name="testGetSightingById" time="0.211"/>
  <testcase classname="com.sg.superherosightings.dao.DaoTest" name="testUpdateMutant" time="0.306"/>
  <testcase classname="com.sg.superherosightings.dao.DaoTest" name="testUpdateSighting" time="0.359"/>
  <testcase classname="com.sg.superherosightings.dao.DaoTest" name="testGetSightingsByDate" time="0.385"/>
  <testcase classname="com.sg.superherosightings.dao.DaoTest" name="testGetMutantById" time="0.265"/>
  <testcase classname="com.sg.superherosightings.dao.DaoTest" name="testDeleteMutant" time="0.291"/>
  <testcase classname="com.sg.superherosightings.dao.DaoTest" name="testGetAllMutants" time="0.299"/>
  <testcase classname="com.sg.superherosightings.dao.DaoTest" name="testGetMutantsByLocationId" time="0.291"/>
  <testcase classname="com.sg.superherosightings.dao.DaoTest" name="testAddLocation" time="0.643"/>
  <testcase classname="com.sg.superherosightings.dao.DaoTest" name="testDeleteOrg" time="0.408"/>
  <testcase classname="com.sg.superherosightings.dao.DaoTest" name="testGetAllPowers" time="0.112"/>
  <testcase classname="com.sg.superherosightings.dao.DaoTest" name="testAddMutant" time="0.194"/>
  <testcase classname="com.sg.superherosightings.dao.DaoTest" name="testGetLocationsByMutantId" time="0.3"/>
  <testcase classname="com.sg.superherosightings.dao.DaoTest" name="testAddOrg" time="0.233"/>
  <testcase classname="com.sg.superherosightings.dao.DaoTest" name="testDeleteSighting" time="0.267"/>
  <testcase classname="com.sg.superherosightings.dao.DaoTest" name="testGetAllLocations" time="0.267"/>
  <testcase classname="com.sg.superherosightings.dao.DaoTest" name="testGetLocationById" time="0.124"/>
  <testcase classname="com.sg.superherosightings.dao.DaoTest" name="testUpdateLocation" time="0.142"/>
  <testcase classname="com.sg.superherosightings.dao.DaoTest" name="testGetPowerById" time="0.134"/>
</testsuite>